2021-05-03 01:20:38,593 INFO o.a.j.u.JMeterUtils: Setting Locale to en_EN
2021-05-03 01:20:38,635 INFO o.a.j.JMeter: Loading user properties from: /usr/local/Cellar/jmeter/5.4.1/libexec/bin/user.properties
2021-05-03 01:20:38,636 INFO o.a.j.JMeter: Loading system properties from: /usr/local/Cellar/jmeter/5.4.1/libexec/bin/system.properties
2021-05-03 01:20:38,644 INFO o.a.j.JMeter: Copyright (c) 1998-2021 The Apache Software Foundation
2021-05-03 01:20:38,644 INFO o.a.j.JMeter: Version 5.4.1
2021-05-03 01:20:38,644 INFO o.a.j.JMeter: java.version=15.0.2
2021-05-03 01:20:38,644 INFO o.a.j.JMeter: java.vm.name=OpenJDK 64-Bit Server VM
2021-05-03 01:20:38,645 INFO o.a.j.JMeter: os.name=Mac OS X
2021-05-03 01:20:38,645 INFO o.a.j.JMeter: os.arch=x86_64
2021-05-03 01:20:38,645 INFO o.a.j.JMeter: os.version=11.2.3
2021-05-03 01:20:38,645 INFO o.a.j.JMeter: file.encoding=UTF-8
2021-05-03 01:20:38,645 INFO o.a.j.JMeter: java.awt.headless=null
2021-05-03 01:20:38,645 INFO o.a.j.JMeter: Max memory     =1073741824
2021-05-03 01:20:38,645 INFO o.a.j.JMeter: Available Processors =8
2021-05-03 01:20:38,657 INFO o.a.j.JMeter: Default Locale=English (EN)
2021-05-03 01:20:38,657 INFO o.a.j.JMeter: JMeter  Locale=English (EN)
2021-05-03 01:20:38,657 INFO o.a.j.JMeter: JMeterHome=/usr/local/Cellar/jmeter/5.4.1/libexec
2021-05-03 01:20:38,658 INFO o.a.j.JMeter: user.dir  =/Users/suhwan/Documents/GitHub/msa-performance/Codes/node-example
2021-05-03 01:20:38,658 INFO o.a.j.JMeter: PWD       =/Users/suhwan/Documents/GitHub/msa-performance/Codes/node-example
2021-05-03 01:20:38,659 INFO o.a.j.JMeter: IP: 218.38.137.27 Name: Suhwans-MacBook-Pro.local FullName: 218.38.137.27
2021-05-03 01:20:39,351 INFO o.a.j.JMeter: Setting LAF to: com.github.weisj.darklaf.DarkLaf:com.github.weisj.darklaf.theme.DarculaTheme
2021-05-03 01:20:41,006 INFO o.a.j.JMeter: Loaded icon properties from org/apache/jmeter/images/icon.properties
2021-05-03 01:20:42,327 INFO o.j.r.JARSourceHTTP: Requesting https://jmeter-plugins.org/repo/?installID=mac_os_x-61bc5aef0a1e1abc6da86e3f4e28dbd5-gui
2021-05-03 01:20:45,840 INFO o.j.r.PluginManager: Plugins Status: [jpgc-graphs-basic=2.0, jpgc-casutg=2.9, jpgc-plugins-manager=1.6, jmeter-core=5.4.1, jmeter-ftp=5.4.1, jmeter-http=5.4.1, jmeter-jdbc=5.4.1, jmeter-jms=5.4.1, jmeter-junit=5.4.1, jmeter-java=5.4.1, jmeter-ldap=5.4.1, jmeter-mail=5.4.1, jmeter-mongodb=5.4.1, jmeter-native=5.4.1, jmeter-tcp=5.4.1, jmeter-components=5.4.1]
